<?xml version="1.0" encoding="UTF-8"?>
<robot generator="Robot 6.1.1 (Python 3.11.5 on win32)" generated="20231207 22:43:25.104" rpa="false" schemaversion="4">
<suite id="s1" name="Crm" source="C:\Users\pradi\Documents\robotframework\crm\tests\crm.robot">
<test id="s1-t1" name="Should be able to add new customer" line="12">
<kw name="Set Selenium Speed" library="SeleniumLibrary">
<arg>.2s</arg>
<doc>Sets the delay that is waited after each Selenium command.</doc>
<status status="PASS" starttime="20231207 22:43:25.425" endtime="20231207 22:43:25.425"/>
</kw>
<kw name="Set Selenium Timeout" library="SeleniumLibrary">
<arg>5s</arg>
<doc>Sets the timeout that is used by various keywords.</doc>
<status status="PASS" starttime="20231207 22:43:25.425" endtime="20231207 22:43:25.426"/>
</kw>
<kw name="Log" library="BuiltIn">
<arg>Starting the test case!</arg>
<doc>Logs the given message with the given level.</doc>
<msg timestamp="20231207 22:43:25.426" level="INFO">Starting the test case!</msg>
<status status="PASS" starttime="20231207 22:43:25.426" endtime="20231207 22:43:25.426"/>
</kw>
<kw name="Open Browser" library="SeleniumLibrary">
<arg>https://www.onlinekhabar.com/</arg>
<arg>chrome</arg>
<doc>Opens a new browser instance to the optional ``url``.</doc>
<msg timestamp="20231207 22:43:25.426" level="INFO">Opening browser 'chrome' to base url 'https://www.onlinekhabar.com/'.</msg>
<status status="PASS" starttime="20231207 22:43:25.426" endtime="20231207 22:44:41.013"/>
</kw>
<kw name="Sleep" library="BuiltIn">
<arg>3s</arg>
<doc>Pauses the test executed for the given time.</doc>
<msg timestamp="20231207 22:44:44.014" level="INFO">Slept 3 seconds</msg>
<status status="PASS" starttime="20231207 22:44:41.014" endtime="20231207 22:44:44.014"/>
</kw>
<kw name="Close Browser" library="SeleniumLibrary">
<doc>Closes the current browser.</doc>
<status status="PASS" starttime="20231207 22:44:44.014" endtime="20231207 22:44:46.304"/>
</kw>
<doc>This is some basic info about the test.</doc>
<tag>item_id</tag>
<tag>item_name</tag>
<tag>item_value</tag>
<status status="PASS" starttime="20231207 22:43:25.424" endtime="20231207 22:44:46.305"/>
</test>
<doc>This is some basic information about whole suite.</doc>
<status status="PASS" starttime="20231207 22:43:25.105" endtime="20231207 22:44:46.307"/>
</suite>
<statistics>
<total>
<stat pass="1" fail="0" skip="0">All Tests</stat>
</total>
<tag>
<stat pass="1" fail="0" skip="0">item_id</stat>
<stat pass="1" fail="0" skip="0">item_name</stat>
<stat pass="1" fail="0" skip="0">item_value</stat>
</tag>
<suite>
<stat pass="1" fail="0" skip="0" id="s1" name="Crm">Crm</stat>
</suite>
</statistics>
<errors>
</errors>
</robot>
