<?xml version="1.0" encoding="UTF-8"?>
<robot generator="Robot 6.1.1 (Python 3.11.5 on win32)" generated="20231210 14:41:09.407" rpa="false" schemaversion="4">
<suite id="s1" name="Crm" source="C:\Users\pradi\Documents\robotframework\crm\tests\crm.robot">
<test id="s1-t1" name="Should be able to add new customer" line="12">
<kw name="Set Selenium Speed" library="SeleniumLibrary">
<arg>.2s</arg>
<doc>Sets the delay that is waited after each Selenium command.</doc>
<status status="PASS" starttime="20231210 14:41:09.567" endtime="20231210 14:41:09.567"/>
</kw>
<kw name="Set Selenium Timeout" library="SeleniumLibrary">
<arg>5s</arg>
<doc>Sets the timeout that is used by various keywords.</doc>
<status status="PASS" starttime="20231210 14:41:09.567" endtime="20231210 14:41:09.568"/>
</kw>
<kw name="Log" library="BuiltIn">
<arg>Starting the test case!</arg>
<doc>Logs the given message with the given level.</doc>
<msg timestamp="20231210 14:41:09.568" level="INFO">Starting the test case!</msg>
<status status="PASS" starttime="20231210 14:41:09.568" endtime="20231210 14:41:09.568"/>
</kw>
<kw name="Open Browser" library="SeleniumLibrary">
<arg>https://www.onlinekhabar.com/</arg>
<arg>chrome</arg>
<doc>Opens a new browser instance to the optional ``url``.</doc>
<msg timestamp="20231210 14:41:09.568" level="INFO">Opening browser 'chrome' to base url 'https://www.onlinekhabar.com/'.</msg>
<status status="PASS" starttime="20231210 14:41:09.568" endtime="20231210 14:41:21.501"/>
</kw>
<kw name="Set Window Position" library="SeleniumLibrary">
<arg>x=341</arg>
<arg>y=169</arg>
<doc>Sets window position using ``x`` and ``y`` coordinates.</doc>
<status status="PASS" starttime="20231210 14:41:21.502" endtime="20231210 14:41:21.826"/>
</kw>
<kw name="Set Window Size" library="SeleniumLibrary">
<arg>width=1935</arg>
<arg>height=1030</arg>
<doc>Sets current windows size to given ``width`` and ``height``.</doc>
<status status="PASS" starttime="20231210 14:41:21.826" endtime="20231210 14:41:22.166"/>
</kw>
<kw name="Page Should Contain" library="SeleniumLibrary">
<arg>Customer are priority one</arg>
<doc>Verifies that current page contains ``text``.</doc>
<msg timestamp="20231210 14:41:24.116" level="INFO" html="true">&lt;/td&gt;&lt;/tr&gt;&lt;tr&gt;&lt;td colspan="3"&gt;&lt;a href="selenium-screenshot-1.png"&gt;&lt;img src="selenium-screenshot-1.png" width="800px"&gt;&lt;/a&gt;</msg>
<msg timestamp="20231210 14:41:24.116" level="FAIL">Page should have contained text 'Customer are priority one' but did not.</msg>
<status status="FAIL" starttime="20231210 14:41:22.166" endtime="20231210 14:41:24.139"/>
</kw>
<kw name="Click Link" library="SeleniumLibrary">
<arg>Sign In</arg>
<doc>Clicks a link identified by ``locator``.</doc>
<status status="NOT RUN" starttime="20231210 14:41:24.140" endtime="20231210 14:41:24.140"/>
</kw>
<kw name="Input Text" library="SeleniumLibrary">
<arg>id = email-id</arg>
<arg>https://www.onlinekhabar.com/login</arg>
<doc>Types the given ``text`` into the text field identified by ``locator``.</doc>
<status status="NOT RUN" starttime="20231210 14:41:24.141" endtime="20231210 14:41:24.141"/>
</kw>
<kw name="Input Text" library="SeleniumLibrary">
<arg>id = password</arg>
<arg>abcd</arg>
<doc>Types the given ``text`` into the text field identified by ``locator``.</doc>
<status status="NOT RUN" starttime="20231210 14:41:24.141" endtime="20231210 14:41:24.141"/>
</kw>
<kw name="Click Button" library="SeleniumLibrary">
<arg>Submit</arg>
<doc>Clicks the button identified by ``locator``.</doc>
<status status="NOT RUN" starttime="20231210 14:41:24.142" endtime="20231210 14:41:24.142"/>
</kw>
<kw name="Page Should Contain" library="SeleniumLibrary">
<arg>Cutomer List</arg>
<doc>Verifies that current page contains ``text``.</doc>
<status status="NOT RUN" starttime="20231210 14:41:24.142" endtime="20231210 14:41:24.142"/>
</kw>
<kw name="Click Link" library="SeleniumLibrary">
<arg>New customer</arg>
<doc>Clicks a link identified by ``locator``.</doc>
<status status="NOT RUN" starttime="20231210 14:41:24.142" endtime="20231210 14:41:24.142"/>
</kw>
<kw name="Page Should Contain" library="SeleniumLibrary">
<arg>Add new Customer</arg>
<doc>Verifies that current page contains ``text``.</doc>
<status status="NOT RUN" starttime="20231210 14:41:24.143" endtime="20231210 14:41:24.143"/>
</kw>
<kw name="Input Text" library="SeleniumLibrary">
<arg>id =emailaddress</arg>
<arg>abc@abc.com</arg>
<doc>Types the given ``text`` into the text field identified by ``locator``.</doc>
<status status="NOT RUN" starttime="20231210 14:41:24.143" endtime="20231210 14:41:24.143"/>
</kw>
<kw name="Input Text" library="SeleniumLibrary">
<arg>id =firstname</arg>
<arg>Shital</arg>
<doc>Types the given ``text`` into the text field identified by ``locator``.</doc>
<status status="NOT RUN" starttime="20231210 14:41:24.143" endtime="20231210 14:41:24.143"/>
</kw>
<kw name="Input Text" library="SeleniumLibrary">
<arg>id =lastname</arg>
<arg>Sapkota</arg>
<doc>Types the given ``text`` into the text field identified by ``locator``.</doc>
<status status="NOT RUN" starttime="20231210 14:41:24.144" endtime="20231210 14:41:24.144"/>
</kw>
<kw name="Input Text" library="SeleniumLibrary">
<arg>id =city</arg>
<arg>Turku</arg>
<doc>Types the given ``text`` into the text field identified by ``locator``.</doc>
<status status="NOT RUN" starttime="20231210 14:41:24.144" endtime="20231210 14:41:24.144"/>
</kw>
<kw name="Sleep" library="BuiltIn">
<arg>3s</arg>
<doc>Pauses the test executed for the given time.</doc>
<status status="NOT RUN" starttime="20231210 14:41:24.144" endtime="20231210 14:41:24.144"/>
</kw>
<kw name="Close Browser" library="SeleniumLibrary">
<doc>Closes the current browser.</doc>
<status status="NOT RUN" starttime="20231210 14:41:24.145" endtime="20231210 14:41:24.145"/>
</kw>
<doc>This is some basic info about the test.</doc>
<tag>item_id</tag>
<tag>item_name</tag>
<tag>item_value</tag>
<status status="FAIL" starttime="20231210 14:41:09.567" endtime="20231210 14:41:24.145">Page should have contained text 'Customer are priority one' but did not.</status>
</test>
<doc>This is some basic information about whole suite.</doc>
<status status="FAIL" starttime="20231210 14:41:09.408" endtime="20231210 14:41:24.148"/>
</suite>
<statistics>
<total>
<stat pass="0" fail="1" skip="0">All Tests</stat>
</total>
<tag>
<stat pass="0" fail="1" skip="0">item_id</stat>
<stat pass="0" fail="1" skip="0">item_name</stat>
<stat pass="0" fail="1" skip="0">item_value</stat>
</tag>
<suite>
<stat pass="0" fail="1" skip="0" id="s1" name="Crm">Crm</stat>
</suite>
</statistics>
<errors>
</errors>
</robot>
